c:\users\henrique\documents\visual studio 2017\evacom\evaupdate\release\vc141.pdb
c:\users\henrique\documents\visual studio 2017\evacom\evaupdate\release\updaterform.obj
c:\users\henrique\documents\visual studio 2017\evacom\evaupdate\release\updater.obj
c:\users\henrique\documents\visual studio 2017\evacom\evaupdate\release\.netframework,version=v4.6.assemblyattributes.obj
c:\users\henrique\documents\visual studio 2017\evacom\evaupdate\release\.netframework,version=v4.6.assemblyattributes.asm
c:\users\henrique\documents\visual studio 2017\evacom\evaupdate\release\.netframework,version=v4.6.1.assemblyattributes.obj
c:\users\henrique\documents\visual studio 2017\evacom\evaupdate\release\.netframework,version=v4.6.1.assemblyattributes.asm
c:\users\henrique\documents\visual studio 2017\evacom\evaupdate\release\evaupdate.resource.resources
c:\users\henrique\documents\visual studio 2017\evacom\evaupdate\release\evaupdate.updaterform.resources
c:\users\henrique\documents\visual studio 2017\evacom\release\evaupdate.exe
c:\users\henrique\documents\visual studio 2017\evacom\release\evaupdate.pdb
c:\users\henrique\documents\visual studio 2017\evacom\evaupdate\release\evaupdate.tlog\metagen.write.1.tlog
c:\users\henrique\documents\visual studio 2017\evacom\evaupdate\release\evaupdate.vcxproj.generateresource.cache
c:\users\henrique\documents\visual studio 2017\evacom\evaupdate\release\evaupdate.vcxprojassemblyreference.cache
c:\users\henrique\documents\visual studio 2017\evacom\evaupdate\release\evaupdate.tlog\cl.command.1.tlog
c:\users\henrique\documents\visual studio 2017\evacom\evaupdate\release\evaupdate.tlog\cl.read.1.tlog
c:\users\henrique\documents\visual studio 2017\evacom\evaupdate\release\evaupdate.tlog\cl.write.1.tlog
c:\users\henrique\documents\visual studio 2017\evacom\evaupdate\release\evaupdate.tlog\evaupdate.write.1u.tlog
c:\users\henrique\documents\visual studio 2017\evacom\evaupdate\release\evaupdate.tlog\link.command.1.tlog
c:\users\henrique\documents\visual studio 2017\evacom\evaupdate\release\evaupdate.tlog\link.read.1.tlog
c:\users\henrique\documents\visual studio 2017\evacom\evaupdate\release\evaupdate.tlog\link.write.1.tlog
c:\users\henrique\documents\visual studio 2017\evacom\evaupdate\release\evaupdate.tlog\metagen.read.1.tlog
c:\users\henrique\documents\visual studio 2017\evacom\evaupdate\release\evaupdate.tlog\system.data.dll.metagen
c:\users\henrique\documents\visual studio 2017\evacom\evaupdate\release\evaupdate.tlog\system.dll.metagen
c:\users\henrique\documents\visual studio 2017\evacom\evaupdate\release\evaupdate.tlog\system.drawing.dll.metagen
c:\users\henrique\documents\visual studio 2017\evacom\evaupdate\release\evaupdate.tlog\system.windows.forms.dll.metagen
c:\users\henrique\documents\visual studio 2017\evacom\evaupdate\release\evaupdate.tlog\system.xml.dll.metagen
